<?xml version="1.0" encoding="UTF-8"?>
<testsuite name="FractionalNumberTest" tests="1" skipped="0" failures="0" errors="0" timestamp="2023-03-16T21:07:47" hostname="DESKTOP-FGT3SKA" time="0.014">
  <properties/>
  <testcase name="testSubtract()" classname="FractionalNumberTest" time="0.014"/>
  <system-out><![CDATA[]]></system-out>
  <system-err><![CDATA[]]></system-err>
</testsuite>
